TN:
SF:src\app\page.tsx
FN:1,(empty-report)
FNF:1
FNH:0
FNDA:0,(empty-report)
DA:1,0
DA:2,0
DA:3,0
DA:4,0
DA:5,0
DA:6,0
DA:7,0
DA:8,0
DA:9,0
DA:10,0
DA:11,0
DA:12,0
DA:13,0
DA:14,0
DA:15,0
DA:16,0
DA:17,0
DA:18,0
DA:19,0
DA:20,0
DA:21,0
DA:22,0
DA:23,0
DA:24,0
DA:25,0
DA:26,0
LF:26
LH:0
BRDA:1,0,0,0
BRF:1
BRH:0
end_of_record
TN:
SF:src\app\api\api-service.tsx
FN:14,endpoints
FN:19,query
FN:28,query
FNF:3
FNH:1
FNDA:2,endpoints
FNDA:0,query
FNDA:0,query
DA:1,1
DA:2,1
DA:3,1
DA:4,1
DA:5,1
DA:6,1
DA:7,1
DA:8,1
DA:9,1
DA:10,1
DA:11,1
DA:12,1
DA:13,1
DA:14,1
DA:15,2
DA:16,2
DA:17,2
DA:18,2
DA:19,2
DA:20,0
DA:21,0
DA:22,0
DA:23,0
DA:24,0
DA:25,2
DA:26,2
DA:27,2
DA:28,2
DA:29,0
DA:30,0
DA:31,0
DA:32,0
DA:33,2
DA:34,2
DA:35,1
DA:36,1
DA:37,1
DA:38,1
LF:38
LH:29
BRDA:14,0,0,2
BRF:1
BRH:1
end_of_record
TN:
SF:src\app\api\api.slice.tsx
FN:23,addSelectedItem
FN:30,removeSelectedItem
FN:39,removeAllItems
FN:46,setCurrentPageData
FNF:4
FNH:4
FNDA:1,addSelectedItem
FNDA:1,removeSelectedItem
FNDA:1,removeAllItems
FNDA:6,setCurrentPageData
DA:1,1
DA:2,1
DA:3,1
DA:4,1
DA:5,1
DA:6,1
DA:7,1
DA:8,1
DA:9,1
DA:10,1
DA:11,1
DA:12,1
DA:13,1
DA:14,1
DA:15,1
DA:16,1
DA:17,1
DA:18,1
DA:19,1
DA:20,1
DA:21,1
DA:22,1
DA:23,1
DA:24,1
DA:25,1
DA:26,1
DA:27,1
DA:28,1
DA:29,1
DA:30,1
DA:31,1
DA:32,1
DA:33,1
DA:34,1
DA:35,1
DA:36,1
DA:37,1
DA:38,1
DA:39,1
DA:40,1
DA:41,1
DA:42,1
DA:43,1
DA:44,1
DA:45,1
DA:46,1
DA:47,6
DA:48,6
DA:49,6
DA:50,6
DA:51,6
DA:52,1
DA:53,1
DA:54,1
DA:55,1
DA:56,1
LF:56
LH:56
BRDA:13,0,0,0
BRDA:17,1,0,0
BRDA:23,2,0,1
BRDA:30,3,0,1
BRDA:32,4,0,1
BRDA:39,5,0,1
BRDA:46,6,0,6
BRF:7
BRH:5
end_of_record
TN:
SF:src\app\api\store.tsx
FN:10,middleware
FNF:1
FNH:1
FNDA:2,middleware
DA:1,1
DA:2,1
DA:3,1
DA:4,1
DA:5,1
DA:6,1
DA:7,1
DA:8,1
DA:9,1
DA:10,1
DA:11,1
DA:12,1
DA:13,1
DA:14,1
DA:15,1
LF:15
LH:15
BRDA:10,0,0,2
BRF:1
BRH:1
end_of_record
TN:
SF:src\app\components\CustomHookLocalStorage.tsx
FN:3,useLocalStorage
FNF:1
FNH:1
FNDA:19,useLocalStorage
DA:1,1
DA:2,1
DA:3,1
DA:4,19
DA:5,19
DA:6,19
DA:7,19
DA:8,7
DA:9,0
DA:10,7
DA:11,7
DA:12,7
DA:13,7
DA:14,19
DA:15,19
DA:16,19
DA:17,9
DA:18,9
DA:19,19
DA:20,19
DA:21,19
DA:22,9
DA:23,9
DA:24,9
DA:25,19
DA:26,19
DA:27,19
DA:28,19
LF:28
LH:27
BRDA:3,0,0,19
BRDA:7,1,0,7
BRDA:8,2,0,0
BRDA:12,3,0,2
BRDA:12,4,0,5
BRDA:16,5,0,9
BRDA:17,6,0,0
BRDA:17,7,0,0
BRDA:21,8,0,9
BRDA:22,9,0,9
BRF:10
BRH:7
end_of_record
TN:
SF:src\app\components\MainPage.tsx
FN:24,MainPage
FN:76,handleClickDetails
FN:100,getPageNumbers
FN:109,renderContent
FN:133,onClick
FNF:5
FNH:3
FNDA:8,MainPage
FNDA:0,handleClickDetails
FNDA:4,getPageNumbers
FNDA:4,renderContent
FNDA:0,onClick
DA:1,1
DA:2,1
DA:3,1
DA:4,1
DA:5,1
DA:6,1
DA:7,1
DA:8,1
DA:9,1
DA:10,1
DA:11,1
DA:12,1
DA:13,1
DA:14,1
DA:15,1
DA:16,1
DA:17,1
DA:18,1
DA:19,1
DA:20,1
DA:21,1
DA:22,1
DA:23,1
DA:24,1
DA:25,8
DA:26,8
DA:27,8
DA:28,8
DA:29,8
DA:30,8
DA:31,8
DA:32,8
DA:33,8
DA:34,8
DA:35,8
DA:36,8
DA:37,8
DA:38,8
DA:39,8
DA:40,8
DA:41,8
DA:42,8
DA:43,8
DA:44,8
DA:45,6
DA:46,6
DA:47,8
DA:48,8
DA:49,8
DA:50,8
DA:51,6
DA:52,6
DA:53,6
DA:54,6
DA:55,6
DA:56,6
DA:57,6
DA:58,6
DA:59,6
DA:60,6
DA:61,0
DA:62,0
DA:63,0
DA:64,8
DA:65,8
DA:66,8
DA:67,8
DA:68,8
DA:69,8
DA:70,8
DA:71,8
DA:72,8
DA:73,8
DA:74,8
DA:75,8
DA:76,8
DA:77,0
DA:78,0
DA:79,0
DA:80,8
DA:81,8
DA:82,8
DA:83,8
DA:84,0
DA:85,0
DA:86,8
DA:87,8
DA:88,8
DA:89,8
DA:90,8
DA:91,0
DA:92,0
DA:93,8
DA:94,8
DA:95,8
DA:96,0
DA:97,0
DA:98,8
DA:99,8
DA:100,8
DA:101,4
DA:102,4
DA:103,4
DA:104,24
DA:105,24
DA:106,4
DA:107,8
DA:108,8
DA:109,8
DA:110,4
DA:111,4
DA:112,4
DA:113,4
DA:114,4
DA:115,4
DA:116,4
DA:117,4
DA:118,4
DA:119,4
DA:120,4
DA:121,4
DA:122,4
DA:123,4
DA:124,4
DA:125,4
DA:126,4
DA:127,4
DA:128,4
DA:129,4
DA:130,4
DA:131,24
DA:132,24
DA:133,24
DA:134,24
DA:135,24
DA:136,24
DA:137,24
DA:138,4
DA:139,4
DA:140,4
DA:141,4
DA:142,4
DA:143,4
DA:144,4
DA:145,4
DA:146,4
DA:147,0
DA:148,0
DA:149,0
DA:150,4
DA:151,4
DA:152,8
DA:153,8
DA:154,8
DA:155,8
DA:156,4
DA:157,4
DA:158,4
DA:159,4
DA:160,8
DA:161,8
DA:162,8
DA:163,8
DA:164,8
DA:165,8
DA:166,8
DA:167,8
DA:168,8
DA:169,8
DA:170,8
DA:171,8
DA:172,1
DA:173,1
LF:173
LH:158
BRDA:24,0,0,8
BRDA:155,1,0,4
BRDA:36,2,0,13
BRDA:40,3,0,13
BRDA:44,4,0,6
BRDA:50,5,0,6
BRDA:60,6,0,0
BRDA:100,7,0,4
BRDA:103,8,0,24
BRDA:109,9,0,4
BRDA:144,10,0,0
BRDA:146,11,0,0
BRDA:130,12,0,24
BRF:13
BRH:10
end_of_record
TN:
SF:src\app\components\Error\ErrButton.tsx
FN:3,ErrorButton
FN:6,handleErrorClick
FNF:2
FNH:2
FNDA:19,ErrorButton
FNDA:2,handleErrorClick
DA:1,1
DA:2,1
DA:3,1
DA:4,19
DA:5,19
DA:6,19
DA:7,2
DA:8,19
DA:9,19
DA:10,19
DA:11,8
DA:12,8
DA:13,10
DA:14,10
DA:15,10
DA:16,10
DA:17,10
DA:18,10
DA:19,1
DA:20,1
LF:20
LH:20
BRDA:3,0,0,19
BRDA:10,1,0,8
BRDA:13,2,0,10
BRDA:6,3,0,2
BRF:4
BRH:4
end_of_record
TN:
SF:src\app\components\Error\ErrorBoundary.tsx
FN:15,ErrorBoundary
FN:20,getDerivedStateFromError
FN:24,componentDidCatch
FN:28,render
FN:35,onClick
FNF:5
FNH:5
FNDA:4,ErrorBoundary
FNDA:4,getDerivedStateFromError
FNDA:2,componentDidCatch
FNDA:8,render
FNDA:1,onClick
DA:1,1
DA:2,1
DA:3,1
DA:4,1
DA:5,1
DA:6,1
DA:7,1
DA:8,1
DA:9,1
DA:10,1
DA:11,1
DA:12,1
DA:13,1
DA:14,1
DA:15,1
DA:16,4
DA:17,4
DA:18,4
DA:19,1
DA:20,1
DA:21,4
DA:22,4
DA:23,1
DA:24,1
DA:25,2
DA:26,2
DA:27,1
DA:28,1
DA:29,8
DA:30,4
DA:31,4
DA:32,4
DA:33,4
DA:34,4
DA:35,4
DA:36,4
DA:37,4
DA:38,4
DA:39,4
DA:40,4
DA:41,4
DA:42,4
DA:43,4
DA:44,1
DA:45,1
DA:46,1
LF:46
LH:46
BRDA:15,0,0,4
BRDA:20,1,0,4
BRDA:24,2,0,2
BRDA:28,3,0,8
BRDA:29,4,0,4
BRDA:35,5,0,1
BRF:6
BRH:6
end_of_record
TN:
SF:src\app\components\Error\ErrorPage.tsx
FN:8,ErrorPage
FNF:1
FNH:1
FNDA:1,ErrorPage
DA:1,1
DA:2,1
DA:3,1
DA:4,1
DA:5,1
DA:6,1
DA:7,1
DA:8,1
DA:9,1
DA:10,1
DA:11,1
DA:12,1
DA:13,1
DA:14,1
DA:15,1
DA:16,1
DA:17,1
DA:18,1
DA:19,1
DA:20,1
DA:21,1
DA:22,1
LF:22
LH:22
BRDA:8,0,0,1
BRF:1
BRH:1
end_of_record
TN:
SF:src\app\components\SearchBar\SearchBar .tsx
FN:9,SearchBar
FN:12,handleInputChange
FN:16,handleSubmit
FNF:3
FNH:3
FNDA:11,SearchBar
FNDA:2,handleInputChange
FNDA:1,handleSubmit
DA:1,1
DA:2,1
DA:3,1
DA:4,1
DA:5,1
DA:6,1
DA:7,1
DA:8,1
DA:9,1
DA:10,11
DA:11,11
DA:12,11
DA:13,2
DA:14,11
DA:15,11
DA:16,11
DA:17,1
DA:18,1
DA:19,1
DA:20,1
DA:21,1
DA:22,11
DA:23,11
DA:24,11
DA:25,11
DA:26,11
DA:27,11
DA:28,11
DA:29,11
DA:30,11
DA:31,11
DA:32,11
DA:33,11
DA:34,11
DA:35,11
DA:36,11
DA:37,11
DA:38,11
DA:39,11
DA:40,1
DA:41,1
LF:41
LH:41
BRDA:9,0,0,11
BRDA:12,1,0,2
BRDA:16,2,0,1
BRF:3
BRH:3
end_of_record
TN:
SF:src\app\components\SearchResults\Flyout.tsx
FN:13,Flyout
FN:15,handleUnselectAll
FN:19,handleDownload
FNF:3
FNH:3
FNDA:3,Flyout
FNDA:1,handleUnselectAll
FNDA:1,handleDownload
DA:1,1
DA:2,1
DA:3,1
DA:4,1
DA:5,1
DA:6,1
DA:7,1
DA:8,1
DA:9,1
DA:10,1
DA:11,1
DA:12,1
DA:13,1
DA:14,3
DA:15,3
DA:16,1
DA:17,3
DA:18,3
DA:19,3
DA:20,1
DA:21,1
DA:22,1
DA:23,1
DA:24,1
DA:25,1
DA:26,1
DA:27,1
DA:28,1
DA:29,3
DA:30,3
DA:31,3
DA:32,3
DA:33,3
DA:34,3
DA:35,3
DA:36,3
DA:37,3
DA:38,3
DA:39,3
DA:40,3
DA:41,3
DA:42,3
DA:43,3
DA:44,3
DA:45,1
DA:46,1
LF:46
LH:46
BRDA:13,0,0,3
BRDA:15,1,0,1
BRDA:19,2,0,1
BRDA:22,3,0,1
BRF:4
BRH:4
end_of_record
TN:
SF:src\app\components\SearchResults\SearchResults.tsx
FN:15,SearchResults
FN:25,handleClickResult
FN:34,handleCheckboxChange
FN:47,isChecked
FN:59,onClick
FN:68,onChange
FNF:6
FNH:2
FNDA:3,SearchResults
FNDA:0,handleClickResult
FNDA:0,handleCheckboxChange
FNDA:2,isChecked
FNDA:0,onClick
FNDA:0,onChange
DA:1,1
DA:2,1
DA:3,1
DA:4,1
DA:5,1
DA:6,1
DA:7,1
DA:8,1
DA:9,1
DA:10,1
DA:11,1
DA:12,1
DA:13,1
DA:14,1
DA:15,1
DA:16,3
DA:17,3
DA:18,3
DA:19,3
DA:20,3
DA:21,3
DA:22,3
DA:23,3
DA:24,3
DA:25,3
DA:26,0
DA:27,0
DA:28,0
DA:29,0
DA:30,0
DA:31,0
DA:32,3
DA:33,3
DA:34,3
DA:35,0
DA:36,0
DA:37,0
DA:38,0
DA:39,0
DA:40,0
DA:41,0
DA:42,0
DA:43,0
DA:44,0
DA:45,0
DA:46,3
DA:47,3
DA:48,2
DA:49,2
DA:50,2
DA:51,3
DA:52,3
DA:53,3
DA:54,3
DA:55,3
DA:56,2
DA:57,2
DA:58,2
DA:59,2
DA:60,2
DA:61,2
DA:62,2
DA:63,2
DA:64,2
DA:65,2
DA:66,2
DA:67,2
DA:68,2
DA:69,2
DA:70,2
DA:71,2
DA:72,3
DA:73,3
DA:74,3
DA:75,3
DA:76,1
DA:77,1
LF:77
LH:60
BRDA:15,0,0,3
BRDA:22,1,0,5
BRDA:47,2,0,2
BRDA:55,3,0,2
BRF:4
BRH:4
end_of_record
TN:
SF:src\app\components\Theme\ButtonTheme.tsx
FN:5,ButtonTheme
FNF:1
FNH:1
FNDA:11,ButtonTheme
DA:1,1
DA:2,1
DA:3,1
DA:4,1
DA:5,1
DA:6,11
DA:7,11
DA:8,11
DA:9,0
DA:10,0
DA:11,11
DA:12,11
DA:13,11
DA:14,11
DA:15,11
DA:16,11
DA:17,11
DA:18,11
DA:19,11
DA:20,1
DA:21,1
LF:21
LH:19
BRDA:5,0,0,11
BRDA:8,1,0,0
BRDA:16,2,0,4
BRDA:16,3,0,7
BRF:4
BRH:3
end_of_record
TN:
SF:src\app\components\Theme\ThemeContext.tsx
FN:16,ThemeProvider
FN:19,toggleTheme
FNF:2
FNH:2
FNDA:5,ThemeProvider
FNDA:2,toggleTheme
DA:1,1
DA:2,1
DA:3,1
DA:4,1
DA:5,1
DA:6,1
DA:7,1
DA:8,1
DA:9,1
DA:10,1
DA:11,1
DA:12,1
DA:13,1
DA:14,1
DA:15,1
DA:16,1
DA:17,5
DA:18,5
DA:19,5
DA:20,2
DA:21,5
DA:22,5
DA:23,5
DA:24,5
DA:25,5
DA:26,5
DA:27,4
DA:28,4
DA:29,5
DA:30,1
DA:31,1
DA:32,1
DA:33,5
DA:34,5
DA:35,5
DA:36,5
DA:37,5
DA:38,5
DA:39,5
DA:40,1
DA:41,1
LF:41
LH:41
BRDA:16,0,0,5
BRDA:19,1,0,2
BRDA:20,2,0,1
BRDA:20,3,0,1
BRDA:25,4,0,5
BRDA:26,5,0,4
BRDA:29,6,0,1
BRF:7
BRH:7
end_of_record
TN:
SF:src\app\details\[detailName].tsx
FN:10,Details
FN:11,handleClose
FN:14,handleCardClick
FNF:3
FNH:1
FNDA:2,Details
FNDA:0,handleClose
FNDA:0,handleCardClick
DA:1,1
DA:2,1
DA:3,1
DA:4,1
DA:5,1
DA:6,1
DA:7,1
DA:8,1
DA:9,1
DA:10,1
DA:11,2
DA:12,0
DA:13,2
DA:14,2
DA:15,0
DA:16,2
DA:17,2
DA:18,2
DA:19,2
DA:20,2
DA:21,2
DA:22,2
DA:23,2
DA:24,2
DA:25,2
DA:26,2
DA:27,2
DA:28,1
DA:29,1
LF:29
LH:27
BRDA:10,0,0,2
BRF:1
BRH:1
end_of_record
